[ 2016-03-29T17:00:59+08:00 ] 127.0.0.1 /myBlog/admin.php
INFO: [ app_init ] --START--
INFO: Run Behavior\BuildLiteBehavior [ RunTime:0.000164s ]
INFO: [ app_init ] --END-- [ RunTime:0.004693s ]
INFO: [ app_begin ] --START--
INFO: Run Behavior\ReadHtmlCacheBehavior [ RunTime:0.007112s ]
INFO: [ app_begin ] --END-- [ RunTime:0.007608s ]
INFO: [ view_parse ] --START--
INFO: [ template_filter ] --START--
INFO: Run Behavior\ContentReplaceBehavior [ RunTime:0.000859s ]
INFO: [ template_filter ] --END-- [ RunTime:0.001359s ]
INFO: Run Behavior\ParseTemplateBehavior [ RunTime:0.079020s ]
INFO: [ view_parse ] --END-- [ RunTime:0.079602s ]
INFO: [ view_filter ] --START--
INFO: Run Behavior\WriteHtmlCacheBehavior [ RunTime:0.006086s ]
INFO: [ view_filter ] --END-- [ RunTime:0.006518s ]
INFO: [ app_end ] --START--
INFO: Run Behavior\ShowPageTraceBehavior [ RunTime:0.008053s ]
INFO: [ app_end ] --END-- [ RunTime:0.008596s ]

[ 2016-03-29T17:01:15+08:00 ] 127.0.0.1 /myBlog/admin.php/Article/articleList
INFO: [ app_init ] --START--
INFO: Run Behavior\BuildLiteBehavior [ RunTime:0.000112s ]
INFO: [ app_init ] --END-- [ RunTime:0.002807s ]
INFO: [ app_begin ] --START--
INFO: Run Behavior\ReadHtmlCacheBehavior [ RunTime:0.004047s ]
INFO: [ app_begin ] --END-- [ RunTime:0.004599s ]
SQL: SHOW COLUMNS FROM `bg_article` [ RunTime:0.0229s ]
SQL: SELECT * FROM `bg_article`  [ RunTime:0.0017s ]
INFO: [ view_parse ] --START--
INFO: [ template_filter ] --START--
INFO: Run Behavior\ContentReplaceBehavior [ RunTime:0.000638s ]
INFO: [ template_filter ] --END-- [ RunTime:0.001062s ]
NOTIC: [8] Undefined variable: D C:\wamp\www\myBlog\myBlogApplication\Runtime\Cache\MyBlogAdmin\2176a29aae8abec5c7b7be5f874fabcc.php 第 32 行.
NOTIC: [8] Undefined variable: dp C:\wamp\www\myBlog\myBlogApplication\Runtime\Cache\MyBlogAdmin\2176a29aae8abec5c7b7be5f874fabcc.php 第 32 行.
INFO: Run Behavior\ParseTemplateBehavior [ RunTime:0.056093s ]
INFO: [ view_parse ] --END-- [ RunTime:0.056705s ]
INFO: [ view_filter ] --START--
INFO: Run Behavior\WriteHtmlCacheBehavior [ RunTime:0.004177s ]
INFO: [ view_filter ] --END-- [ RunTime:0.005295s ]
INFO: [ app_end ] --START--
INFO: Run Behavior\ShowPageTraceBehavior [ RunTime:0.007726s ]
INFO: [ app_end ] --END-- [ RunTime:0.008428s ]

[ 2016-03-29T17:05:43+08:00 ] 127.0.0.1 /myBlog/admin.php
INFO: [ app_init ] --START--
INFO: Run Behavior\BuildLiteBehavior [ RunTime:0.000109s ]
INFO: [ app_init ] --END-- [ RunTime:0.002905s ]
INFO: [ app_begin ] --START--
INFO: Run Behavior\ReadHtmlCacheBehavior [ RunTime:0.003506s ]
INFO: [ app_begin ] --END-- [ RunTime:0.004111s ]
INFO: [ view_parse ] --START--
INFO: [ template_filter ] --START--
INFO: Run Behavior\ContentReplaceBehavior [ RunTime:0.001181s ]
INFO: [ template_filter ] --END-- [ RunTime:0.001759s ]
INFO: Run Behavior\ParseTemplateBehavior [ RunTime:0.057157s ]
INFO: [ view_parse ] --END-- [ RunTime:0.057835s ]
INFO: [ view_filter ] --START--
INFO: Run Behavior\WriteHtmlCacheBehavior [ RunTime:0.006279s ]
INFO: [ view_filter ] --END-- [ RunTime:0.006733s ]
INFO: [ app_end ] --START--
INFO: Run Behavior\ShowPageTraceBehavior [ RunTime:0.003532s ]
INFO: [ app_end ] --END-- [ RunTime:0.004003s ]

[ 2016-03-29T17:05:47+08:00 ] 127.0.0.1 /myBlog/admin.php/Article/articleList
INFO: [ app_init ] --START--
INFO: Run Behavior\BuildLiteBehavior [ RunTime:0.000109s ]
INFO: [ app_init ] --END-- [ RunTime:0.004210s ]
INFO: [ app_begin ] --START--
INFO: Run Behavior\ReadHtmlCacheBehavior [ RunTime:0.002988s ]
INFO: [ app_begin ] --END-- [ RunTime:0.003550s ]
SQL: SHOW COLUMNS FROM `bg_article` [ RunTime:0.0242s ]
SQL: SELECT * FROM `bg_article`  [ RunTime:0.0013s ]
INFO: [ view_parse ] --START--
INFO: [ template_filter ] --START--
INFO: Run Behavior\ContentReplaceBehavior [ RunTime:0.000573s ]
INFO: [ template_filter ] --END-- [ RunTime:0.001254s ]
NOTIC: [8] Undefined variable: D C:\wamp\www\myBlog\myBlogApplication\Runtime\Cache\MyBlogAdmin\2176a29aae8abec5c7b7be5f874fabcc.php 第 32 行.
NOTIC: [8] Undefined variable: dp C:\wamp\www\myBlog\myBlogApplication\Runtime\Cache\MyBlogAdmin\2176a29aae8abec5c7b7be5f874fabcc.php 第 32 行.
INFO: Run Behavior\ParseTemplateBehavior [ RunTime:0.062593s ]
INFO: [ view_parse ] --END-- [ RunTime:0.063052s ]
INFO: [ view_filter ] --START--
INFO: Run Behavior\WriteHtmlCacheBehavior [ RunTime:0.001974s ]
INFO: [ view_filter ] --END-- [ RunTime:0.002512s ]
INFO: [ app_end ] --START--
INFO: Run Behavior\ShowPageTraceBehavior [ RunTime:0.003895s ]
INFO: [ app_end ] --END-- [ RunTime:0.004362s ]

[ 2016-03-29T17:22:05+08:00 ] 127.0.0.1 /myBlog/admin.php/
INFO: [ app_init ] --START--
INFO: Run Behavior\BuildLiteBehavior [ RunTime:0.000113s ]
INFO: [ app_init ] --END-- [ RunTime:0.003192s ]
INFO: [ app_begin ] --START--
INFO: Run Behavior\ReadHtmlCacheBehavior [ RunTime:0.003251s ]
INFO: [ app_begin ] --END-- [ RunTime:0.003738s ]
INFO: [ view_parse ] --START--
INFO: [ template_filter ] --START--
INFO: Run Behavior\ContentReplaceBehavior [ RunTime:0.000713s ]
INFO: [ template_filter ] --END-- [ RunTime:0.001313s ]
INFO: Run Behavior\ParseTemplateBehavior [ RunTime:0.059622s ]
INFO: [ view_parse ] --END-- [ RunTime:0.060191s ]
INFO: [ view_filter ] --START--
INFO: Run Behavior\WriteHtmlCacheBehavior [ RunTime:0.001867s ]
INFO: [ view_filter ] --END-- [ RunTime:0.002289s ]
INFO: [ app_end ] --START--
INFO: Run Behavior\ShowPageTraceBehavior [ RunTime:0.003076s ]
INFO: [ app_end ] --END-- [ RunTime:0.003548s ]

[ 2016-03-29T17:22:05+08:00 ] 127.0.0.1 /myBlog/admin.php/welcome.html
INFO: [ app_init ] --START--
INFO: Run Behavior\BuildLiteBehavior [ RunTime:0.000112s ]
INFO: [ app_init ] --END-- [ RunTime:0.002618s ]
INFO: [ app_begin ] --START--
INFO: Run Behavior\ReadHtmlCacheBehavior [ RunTime:0.003815s ]
INFO: [ app_begin ] --END-- [ RunTime:0.004318s ]
ERR: 无法加载控制器:Welcome

[ 2016-03-29T17:22:20+08:00 ] 127.0.0.1 /myBlog/admin.php/Article/articleList
INFO: [ app_init ] --START--
INFO: Run Behavior\BuildLiteBehavior [ RunTime:0.000129s ]
INFO: [ app_init ] --END-- [ RunTime:0.005346s ]
INFO: [ app_begin ] --START--
INFO: Run Behavior\ReadHtmlCacheBehavior [ RunTime:0.005324s ]
INFO: [ app_begin ] --END-- [ RunTime:0.006906s ]
SQL: SHOW COLUMNS FROM `bg_article` [ RunTime:0.0212s ]
SQL: SELECT * FROM `bg_article`  [ RunTime:0.0010s ]
INFO: [ view_parse ] --START--
INFO: [ template_filter ] --START--
INFO: Run Behavior\ContentReplaceBehavior [ RunTime:0.000546s ]
INFO: [ template_filter ] --END-- [ RunTime:0.001033s ]
NOTIC: [8] Undefined variable: D C:\wamp\www\myBlog\myBlogApplication\Runtime\Cache\MyBlogAdmin\2176a29aae8abec5c7b7be5f874fabcc.php 第 32 行.
NOTIC: [8] Undefined variable: dp C:\wamp\www\myBlog\myBlogApplication\Runtime\Cache\MyBlogAdmin\2176a29aae8abec5c7b7be5f874fabcc.php 第 32 行.
INFO: Run Behavior\ParseTemplateBehavior [ RunTime:0.052327s ]
INFO: [ view_parse ] --END-- [ RunTime:0.052832s ]
INFO: [ view_filter ] --START--
INFO: Run Behavior\WriteHtmlCacheBehavior [ RunTime:0.003210s ]
INFO: [ view_filter ] --END-- [ RunTime:0.003785s ]
INFO: [ app_end ] --START--
INFO: Run Behavior\ShowPageTraceBehavior [ RunTime:0.003415s ]
INFO: [ app_end ] --END-- [ RunTime:0.003968s ]

[ 2016-03-29T17:24:11+08:00 ] 127.0.0.1 /myBlog/admin.php/Article/articleList
INFO: [ app_init ] --START--
INFO: Run Behavior\BuildLiteBehavior [ RunTime:0.000129s ]
INFO: [ app_init ] --END-- [ RunTime:0.005590s ]
INFO: [ app_begin ] --START--
INFO: Run Behavior\ReadHtmlCacheBehavior [ RunTime:0.007344s ]
INFO: [ app_begin ] --END-- [ RunTime:0.007963s ]
SQL: SHOW COLUMNS FROM `bg_article` [ RunTime:0.0254s ]
SQL: SELECT * FROM `bg_article`  [ RunTime:0.0019s ]
INFO: [ view_parse ] --START--
INFO: [ template_filter ] --START--
INFO: Run Behavior\ContentReplaceBehavior [ RunTime:0.000561s ]
INFO: [ template_filter ] --END-- [ RunTime:0.001020s ]
NOTIC: [8] Undefined variable: D C:\wamp\www\myBlog\myBlogApplication\Runtime\Cache\MyBlogAdmin\2176a29aae8abec5c7b7be5f874fabcc.php 第 32 行.
NOTIC: [8] Undefined variable: dp C:\wamp\www\myBlog\myBlogApplication\Runtime\Cache\MyBlogAdmin\2176a29aae8abec5c7b7be5f874fabcc.php 第 32 行.
INFO: Run Behavior\ParseTemplateBehavior [ RunTime:0.062813s ]
INFO: [ view_parse ] --END-- [ RunTime:0.063283s ]
INFO: [ view_filter ] --START--
INFO: Run Behavior\WriteHtmlCacheBehavior [ RunTime:0.004449s ]
INFO: [ view_filter ] --END-- [ RunTime:0.004880s ]
INFO: [ app_end ] --START--
INFO: Run Behavior\ShowPageTraceBehavior [ RunTime:0.007072s ]
INFO: [ app_end ] --END-- [ RunTime:0.007528s ]

[ 2016-03-29T17:30:21+08:00 ] 127.0.0.1 /myBlog/admin.php/Article/article-zhang.html
INFO: [ app_init ] --START--
INFO: Run Behavior\BuildLiteBehavior [ RunTime:0.000297s ]
INFO: [ app_init ] --END-- [ RunTime:0.005115s ]
INFO: [ app_begin ] --START--
INFO: Run Behavior\ReadHtmlCacheBehavior [ RunTime:0.005550s ]
INFO: [ app_begin ] --END-- [ RunTime:0.006092s ]
ERR: 非法操作:article-zhang

[ 2016-03-29T17:30:31+08:00 ] 127.0.0.1 /myBlog/admin.php/Article/articleList
INFO: [ app_init ] --START--
INFO: Run Behavior\BuildLiteBehavior [ RunTime:0.000106s ]
INFO: [ app_init ] --END-- [ RunTime:0.004379s ]
INFO: [ app_begin ] --START--
INFO: Run Behavior\ReadHtmlCacheBehavior [ RunTime:0.005434s ]
INFO: [ app_begin ] --END-- [ RunTime:0.007240s ]
SQL: SHOW COLUMNS FROM `bg_article` [ RunTime:0.0273s ]
SQL: SELECT * FROM `bg_article`  [ RunTime:0.0026s ]
INFO: [ view_parse ] --START--
INFO: [ template_filter ] --START--
INFO: Run Behavior\ContentReplaceBehavior [ RunTime:0.000565s ]
INFO: [ template_filter ] --END-- [ RunTime:0.001098s ]
NOTIC: [8] Undefined variable: D C:\wamp\www\myBlog\myBlogApplication\Runtime\Cache\MyBlogAdmin\2176a29aae8abec5c7b7be5f874fabcc.php 第 32 行.
NOTIC: [8] Undefined variable: dp C:\wamp\www\myBlog\myBlogApplication\Runtime\Cache\MyBlogAdmin\2176a29aae8abec5c7b7be5f874fabcc.php 第 32 行.
INFO: Run Behavior\ParseTemplateBehavior [ RunTime:0.065294s ]
INFO: [ view_parse ] --END-- [ RunTime:0.065789s ]
INFO: [ view_filter ] --START--
INFO: Run Behavior\WriteHtmlCacheBehavior [ RunTime:0.004932s ]
INFO: [ view_filter ] --END-- [ RunTime:0.005465s ]
INFO: [ app_end ] --START--
INFO: Run Behavior\ShowPageTraceBehavior [ RunTime:0.005770s ]
INFO: [ app_end ] --END-- [ RunTime:0.006764s ]

[ 2016-03-29T17:30:36+08:00 ] 127.0.0.1 /myBlog/admin.php/Article/article-add.html
INFO: [ app_init ] --START--
INFO: Run Behavior\BuildLiteBehavior [ RunTime:0.000125s ]
INFO: [ app_init ] --END-- [ RunTime:0.018628s ]
INFO: [ app_begin ] --START--
INFO: Run Behavior\ReadHtmlCacheBehavior [ RunTime:0.010130s ]
INFO: [ app_begin ] --END-- [ RunTime:0.010721s ]
ERR: 非法操作:article-add

[ 2016-03-29T17:30:44+08:00 ] 127.0.0.1 /myBlog/admin.php/Article/articleList
INFO: [ app_init ] --START--
INFO: Run Behavior\BuildLiteBehavior [ RunTime:0.000106s ]
INFO: [ app_init ] --END-- [ RunTime:0.003594s ]
INFO: [ app_begin ] --START--
INFO: Run Behavior\ReadHtmlCacheBehavior [ RunTime:0.006029s ]
INFO: [ app_begin ] --END-- [ RunTime:0.006503s ]
SQL: SHOW COLUMNS FROM `bg_article` [ RunTime:0.0258s ]
SQL: SELECT * FROM `bg_article`  [ RunTime:0.0020s ]
INFO: [ view_parse ] --START--
INFO: [ template_filter ] --START--
INFO: Run Behavior\ContentReplaceBehavior [ RunTime:0.000546s ]
INFO: [ template_filter ] --END-- [ RunTime:0.001000s ]
NOTIC: [8] Undefined variable: D C:\wamp\www\myBlog\myBlogApplication\Runtime\Cache\MyBlogAdmin\2176a29aae8abec5c7b7be5f874fabcc.php 第 32 行.
NOTIC: [8] Undefined variable: dp C:\wamp\www\myBlog\myBlogApplication\Runtime\Cache\MyBlogAdmin\2176a29aae8abec5c7b7be5f874fabcc.php 第 32 行.
INFO: Run Behavior\ParseTemplateBehavior [ RunTime:0.059163s ]
INFO: [ view_parse ] --END-- [ RunTime:0.059812s ]
INFO: [ view_filter ] --START--
INFO: Run Behavior\WriteHtmlCacheBehavior [ RunTime:0.005005s ]
INFO: [ view_filter ] --END-- [ RunTime:0.005463s ]
INFO: [ app_end ] --START--
INFO: Run Behavior\ShowPageTraceBehavior [ RunTime:0.005411s ]
INFO: [ app_end ] --END-- [ RunTime:0.005861s ]

