[ 2016-03-31T22:10:24+08:00 ] 127.0.0.1 /myBlog/admin.php/
INFO: [ app_init ] --START--
INFO: Run Behavior\BuildLiteBehavior [ RunTime:0.000147s ]
INFO: [ app_init ] --END-- [ RunTime:0.023278s ]
INFO: [ app_begin ] --START--
INFO: Run Behavior\ReadHtmlCacheBehavior [ RunTime:0.054386s ]
INFO: [ app_begin ] --END-- [ RunTime:0.054887s ]
INFO: [ view_parse ] --START--
INFO: [ template_filter ] --START--
INFO: Run Behavior\ContentReplaceBehavior [ RunTime:0.213330s ]
INFO: [ template_filter ] --END-- [ RunTime:0.213845s ]
INFO: Run Behavior\ParseTemplateBehavior [ RunTime:0.410146s ]
INFO: [ view_parse ] --END-- [ RunTime:0.410620s ]
INFO: [ view_filter ] --START--
INFO: Run Behavior\WriteHtmlCacheBehavior [ RunTime:0.045901s ]
INFO: [ view_filter ] --END-- [ RunTime:0.046328s ]
INFO: [ app_end ] --START--
INFO: Run Behavior\ShowPageTraceBehavior [ RunTime:0.064106s ]
INFO: [ app_end ] --END-- [ RunTime:0.064617s ]

[ 2016-03-31T22:10:25+08:00 ] 127.0.0.1 /myBlog/admin.php/welcome.html
INFO: [ app_init ] --START--
INFO: Run Behavior\BuildLiteBehavior [ RunTime:0.000114s ]
INFO: [ app_init ] --END-- [ RunTime:0.004499s ]
INFO: [ app_begin ] --START--
INFO: Run Behavior\ReadHtmlCacheBehavior [ RunTime:0.002887s ]
INFO: [ app_begin ] --END-- [ RunTime:0.003348s ]
ERR: 无法加载控制器:Welcome

[ 2016-03-31T22:10:37+08:00 ] 127.0.0.1 /myBlog/admin.php/Article/articleList
INFO: [ app_init ] --START--
INFO: Run Behavior\BuildLiteBehavior [ RunTime:0.000100s ]
INFO: [ app_init ] --END-- [ RunTime:0.002177s ]
INFO: [ app_begin ] --START--
INFO: Run Behavior\ReadHtmlCacheBehavior [ RunTime:0.002776s ]
INFO: [ app_begin ] --END-- [ RunTime:0.003216s ]
SQL: SHOW COLUMNS FROM `bg_article` [ RunTime:0.1574s ]
SQL: SELECT * FROM `bg_article`  [ RunTime:0.0010s ]
INFO: [ view_parse ] --START--
INFO: [ template_filter ] --START--
INFO: Run Behavior\ContentReplaceBehavior [ RunTime:0.000633s ]
INFO: [ template_filter ] --END-- [ RunTime:0.001089s ]
NOTIC: [8] Undefined variable: D C:\wamp\www\myBlog\myBlogApplication\Runtime\Cache\MyBlogAdmin\2176a29aae8abec5c7b7be5f874fabcc.php 第 32 行.
NOTIC: [8] Undefined variable: dp C:\wamp\www\myBlog\myBlogApplication\Runtime\Cache\MyBlogAdmin\2176a29aae8abec5c7b7be5f874fabcc.php 第 32 行.
NOTIC: [8] Undefined variable: count C:\wamp\www\myBlog\myBlogApplication\Runtime\Cache\MyBlogAdmin\2176a29aae8abec5c7b7be5f874fabcc.php 第 36 行.
INFO: Run Behavior\ParseTemplateBehavior [ RunTime:0.126121s ]
INFO: [ view_parse ] --END-- [ RunTime:0.126648s ]
INFO: [ view_filter ] --START--
INFO: Run Behavior\WriteHtmlCacheBehavior [ RunTime:0.001620s ]
INFO: [ view_filter ] --END-- [ RunTime:0.002016s ]
INFO: [ app_end ] --START--
INFO: Run Behavior\ShowPageTraceBehavior [ RunTime:0.003049s ]
INFO: [ app_end ] --END-- [ RunTime:0.003493s ]

[ 2016-03-31T22:12:18+08:00 ] 127.0.0.1 /myBlog/admin.php/
INFO: [ app_init ] --START--
INFO: Run Behavior\BuildLiteBehavior [ RunTime:0.000121s ]
INFO: [ app_init ] --END-- [ RunTime:0.014074s ]
INFO: [ app_begin ] --START--
INFO: Run Behavior\ReadHtmlCacheBehavior [ RunTime:0.039759s ]
INFO: [ app_begin ] --END-- [ RunTime:0.040258s ]
INFO: [ view_parse ] --START--
INFO: [ template_filter ] --START--
INFO: Run Behavior\ContentReplaceBehavior [ RunTime:0.000693s ]
INFO: [ template_filter ] --END-- [ RunTime:0.001137s ]
INFO: Run Behavior\ParseTemplateBehavior [ RunTime:0.112626s ]
INFO: [ view_parse ] --END-- [ RunTime:0.113102s ]
INFO: [ view_filter ] --START--
INFO: Run Behavior\WriteHtmlCacheBehavior [ RunTime:0.018575s ]
INFO: [ view_filter ] --END-- [ RunTime:0.019009s ]
INFO: [ app_end ] --START--
INFO: Run Behavior\ShowPageTraceBehavior [ RunTime:0.008706s ]
INFO: [ app_end ] --END-- [ RunTime:0.009133s ]

[ 2016-03-31T22:12:18+08:00 ] 127.0.0.1 /myBlog/admin.php/welcome.html
INFO: [ app_init ] --START--
INFO: Run Behavior\BuildLiteBehavior [ RunTime:0.000111s ]
INFO: [ app_init ] --END-- [ RunTime:0.002521s ]
INFO: [ app_begin ] --START--
INFO: Run Behavior\ReadHtmlCacheBehavior [ RunTime:0.003074s ]
INFO: [ app_begin ] --END-- [ RunTime:0.003550s ]
ERR: 无法加载控制器:Welcome

[ 2016-03-31T22:12:24+08:00 ] 127.0.0.1 /myBlog/admin.php/Article/articleList
INFO: [ app_init ] --START--
INFO: Run Behavior\BuildLiteBehavior [ RunTime:0.000100s ]
INFO: [ app_init ] --END-- [ RunTime:0.002094s ]
INFO: [ app_begin ] --START--
INFO: Run Behavior\ReadHtmlCacheBehavior [ RunTime:0.002941s ]
INFO: [ app_begin ] --END-- [ RunTime:0.003391s ]
SQL: SHOW COLUMNS FROM `bg_article` [ RunTime:0.0172s ]
SQL: SELECT * FROM `bg_article`  [ RunTime:0.0015s ]
INFO: [ view_parse ] --START--
INFO: [ template_filter ] --START--
INFO: Run Behavior\ContentReplaceBehavior [ RunTime:0.000537s ]
INFO: [ template_filter ] --END-- [ RunTime:0.000952s ]
NOTIC: [8] Undefined variable: D C:\wamp\www\myBlog\myBlogApplication\Runtime\Cache\MyBlogAdmin\2176a29aae8abec5c7b7be5f874fabcc.php 第 32 行.
NOTIC: [8] Undefined variable: dp C:\wamp\www\myBlog\myBlogApplication\Runtime\Cache\MyBlogAdmin\2176a29aae8abec5c7b7be5f874fabcc.php 第 32 行.
NOTIC: [8] Undefined variable: count C:\wamp\www\myBlog\myBlogApplication\Runtime\Cache\MyBlogAdmin\2176a29aae8abec5c7b7be5f874fabcc.php 第 36 行.
INFO: Run Behavior\ParseTemplateBehavior [ RunTime:0.060587s ]
INFO: [ view_parse ] --END-- [ RunTime:0.061437s ]
INFO: [ view_filter ] --START--
INFO: Run Behavior\WriteHtmlCacheBehavior [ RunTime:0.002237s ]
INFO: [ view_filter ] --END-- [ RunTime:0.002986s ]
INFO: [ app_end ] --START--
INFO: Run Behavior\ShowPageTraceBehavior [ RunTime:0.002952s ]
INFO: [ app_end ] --END-- [ RunTime:0.003365s ]

[ 2016-03-31T22:13:52+08:00 ] 127.0.0.1 /myBlog/admin.php/Article/articleList
INFO: [ app_init ] --START--
INFO: Run Behavior\BuildLiteBehavior [ RunTime:0.000102s ]
INFO: [ app_init ] --END-- [ RunTime:0.002331s ]
INFO: [ app_begin ] --START--
INFO: Run Behavior\ReadHtmlCacheBehavior [ RunTime:0.003253s ]
INFO: [ app_begin ] --END-- [ RunTime:0.003717s ]
SQL: SHOW COLUMNS FROM `bg_article` [ RunTime:0.0140s ]
SQL: SELECT * FROM `bg_article`  [ RunTime:0.0009s ]
INFO: [ view_parse ] --START--
INFO: [ template_filter ] --START--
INFO: Run Behavior\ContentReplaceBehavior [ RunTime:0.000518s ]
INFO: [ template_filter ] --END-- [ RunTime:0.001061s ]
NOTIC: [8] Undefined variable: D C:\wamp\www\myBlog\myBlogApplication\Runtime\Cache\MyBlogAdmin\2176a29aae8abec5c7b7be5f874fabcc.php 第 32 行.
NOTIC: [8] Undefined variable: dp C:\wamp\www\myBlog\myBlogApplication\Runtime\Cache\MyBlogAdmin\2176a29aae8abec5c7b7be5f874fabcc.php 第 32 行.
NOTIC: [8] Undefined variable: count C:\wamp\www\myBlog\myBlogApplication\Runtime\Cache\MyBlogAdmin\2176a29aae8abec5c7b7be5f874fabcc.php 第 36 行.
INFO: Run Behavior\ParseTemplateBehavior [ RunTime:0.041460s ]
INFO: [ view_parse ] --END-- [ RunTime:0.041887s ]
INFO: [ view_filter ] --START--
INFO: Run Behavior\WriteHtmlCacheBehavior [ RunTime:0.002295s ]
INFO: [ view_filter ] --END-- [ RunTime:0.002770s ]
INFO: [ app_end ] --START--
INFO: Run Behavior\ShowPageTraceBehavior [ RunTime:0.003592s ]
INFO: [ app_end ] --END-- [ RunTime:0.004039s ]

[ 2016-03-31T23:15:27+08:00 ] 127.0.0.1 /myBlog/admin.php/Article/articleList
INFO: [ app_init ] --START--
INFO: Run Behavior\BuildLiteBehavior [ RunTime:0.000214s ]
INFO: [ app_init ] --END-- [ RunTime:0.041562s ]
INFO: [ app_begin ] --START--
INFO: Run Behavior\ReadHtmlCacheBehavior [ RunTime:0.012791s ]
INFO: [ app_begin ] --END-- [ RunTime:0.013625s ]
SQL: SHOW COLUMNS FROM `bg_article` [ RunTime:0.0675s ]
SQL: SELECT * FROM `bg_article`  [ RunTime:0.0021s ]
SQL: SELECT COUNT(*) AS tp_count FROM `bg_article` LIMIT 1   [ RunTime:0.0675s ]
INFO: [ view_parse ] --START--
INFO: [ template_filter ] --START--
INFO: Run Behavior\ContentReplaceBehavior [ RunTime:0.015122s ]
INFO: [ template_filter ] --END-- [ RunTime:0.015592s ]
NOTIC: [8] Undefined variable: D C:\wamp\www\myBlog\myBlogApplication\Runtime\Cache\MyBlogAdmin\2176a29aae8abec5c7b7be5f874fabcc.php 第 32 行.
NOTIC: [8] Undefined variable: dp C:\wamp\www\myBlog\myBlogApplication\Runtime\Cache\MyBlogAdmin\2176a29aae8abec5c7b7be5f874fabcc.php 第 32 行.
INFO: Run Behavior\ParseTemplateBehavior [ RunTime:0.177031s ]
INFO: [ view_parse ] --END-- [ RunTime:0.177488s ]
INFO: [ view_filter ] --START--
INFO: Run Behavior\WriteHtmlCacheBehavior [ RunTime:0.012737s ]
INFO: [ view_filter ] --END-- [ RunTime:0.013677s ]
INFO: [ app_end ] --START--
INFO: Run Behavior\ShowPageTraceBehavior [ RunTime:0.005634s ]
INFO: [ app_end ] --END-- [ RunTime:0.006077s ]

[ 2016-03-31T23:16:19+08:00 ] 127.0.0.1 /myBlog/admin.php/
INFO: [ app_init ] --START--
INFO: Run Behavior\BuildLiteBehavior [ RunTime:0.000120s ]
INFO: [ app_init ] --END-- [ RunTime:0.002822s ]
INFO: [ app_begin ] --START--
INFO: Run Behavior\ReadHtmlCacheBehavior [ RunTime:0.003030s ]
INFO: [ app_begin ] --END-- [ RunTime:0.003518s ]
INFO: [ view_parse ] --START--
INFO: [ template_filter ] --START--
INFO: Run Behavior\ContentReplaceBehavior [ RunTime:0.000725s ]
INFO: [ template_filter ] --END-- [ RunTime:0.001231s ]
INFO: Run Behavior\ParseTemplateBehavior [ RunTime:0.070748s ]
INFO: [ view_parse ] --END-- [ RunTime:0.071249s ]
INFO: [ view_filter ] --START--
INFO: Run Behavior\WriteHtmlCacheBehavior [ RunTime:0.002656s ]
INFO: [ view_filter ] --END-- [ RunTime:0.003139s ]
INFO: [ app_end ] --START--
INFO: Run Behavior\ShowPageTraceBehavior [ RunTime:0.004778s ]
INFO: [ app_end ] --END-- [ RunTime:0.005300s ]

[ 2016-03-31T23:16:19+08:00 ] 127.0.0.1 /myBlog/admin.php/
INFO: [ app_init ] --START--
INFO: Run Behavior\BuildLiteBehavior [ RunTime:0.000112s ]
INFO: [ app_init ] --END-- [ RunTime:0.002470s ]
INFO: [ app_begin ] --START--
INFO: Run Behavior\ReadHtmlCacheBehavior [ RunTime:0.003287s ]
INFO: [ app_begin ] --END-- [ RunTime:0.003781s ]
INFO: [ view_parse ] --START--
INFO: [ template_filter ] --START--
INFO: Run Behavior\ContentReplaceBehavior [ RunTime:0.000786s ]
INFO: [ template_filter ] --END-- [ RunTime:0.001300s ]
INFO: Run Behavior\ParseTemplateBehavior [ RunTime:0.046943s ]
INFO: [ view_parse ] --END-- [ RunTime:0.047429s ]
INFO: [ view_filter ] --START--
INFO: Run Behavior\WriteHtmlCacheBehavior [ RunTime:0.002008s ]
INFO: [ view_filter ] --END-- [ RunTime:0.002545s ]
INFO: [ app_end ] --START--
INFO: Run Behavior\ShowPageTraceBehavior [ RunTime:0.003403s ]
INFO: [ app_end ] --END-- [ RunTime:0.003869s ]

[ 2016-03-31T23:16:19+08:00 ] 127.0.0.1 /myBlog/admin.php/
INFO: [ app_init ] --START--
INFO: Run Behavior\BuildLiteBehavior [ RunTime:0.000103s ]
INFO: [ app_init ] --END-- [ RunTime:0.002345s ]
INFO: [ app_begin ] --START--
INFO: Run Behavior\ReadHtmlCacheBehavior [ RunTime:0.003960s ]
INFO: [ app_begin ] --END-- [ RunTime:0.004774s ]
INFO: [ view_parse ] --START--
INFO: [ template_filter ] --START--
INFO: Run Behavior\ContentReplaceBehavior [ RunTime:0.000706s ]
INFO: [ template_filter ] --END-- [ RunTime:0.001169s ]
INFO: Run Behavior\ParseTemplateBehavior [ RunTime:0.046755s ]
INFO: [ view_parse ] --END-- [ RunTime:0.047330s ]
INFO: [ view_filter ] --START--
INFO: Run Behavior\WriteHtmlCacheBehavior [ RunTime:0.002270s ]
INFO: [ view_filter ] --END-- [ RunTime:0.002741s ]
INFO: [ app_end ] --START--
INFO: Run Behavior\ShowPageTraceBehavior [ RunTime:0.003029s ]
INFO: [ app_end ] --END-- [ RunTime:0.003495s ]

[ 2016-03-31T23:16:20+08:00 ] 127.0.0.1 /myBlog/admin.php/welcome.html
INFO: [ app_init ] --START--
INFO: Run Behavior\BuildLiteBehavior [ RunTime:0.000110s ]
INFO: [ app_init ] --END-- [ RunTime:0.005450s ]
INFO: [ app_begin ] --START--
INFO: Run Behavior\ReadHtmlCacheBehavior [ RunTime:0.004443s ]
INFO: [ app_begin ] --END-- [ RunTime:0.004920s ]
ERR: 无法加载控制器:Welcome

[ 2016-03-31T23:16:24+08:00 ] 127.0.0.1 /myBlog/admin.php/Article/articleList
INFO: [ app_init ] --START--
INFO: Run Behavior\BuildLiteBehavior [ RunTime:0.001535s ]
INFO: [ app_init ] --END-- [ RunTime:0.004410s ]
INFO: [ app_begin ] --START--
INFO: Run Behavior\ReadHtmlCacheBehavior [ RunTime:0.003563s ]
INFO: [ app_begin ] --END-- [ RunTime:0.004035s ]
SQL: SHOW COLUMNS FROM `bg_article` [ RunTime:0.0189s ]
SQL: SELECT * FROM `bg_article`  [ RunTime:0.0016s ]
SQL: SELECT COUNT(*) AS tp_count FROM `bg_article` LIMIT 1   [ RunTime:0.0015s ]
INFO: [ view_parse ] --START--
INFO: [ template_filter ] --START--
INFO: Run Behavior\ContentReplaceBehavior [ RunTime:0.000600s ]
INFO: [ template_filter ] --END-- [ RunTime:0.001026s ]
NOTIC: [8] Undefined variable: D C:\wamp\www\myBlog\myBlogApplication\Runtime\Cache\MyBlogAdmin\2176a29aae8abec5c7b7be5f874fabcc.php 第 32 行.
NOTIC: [8] Undefined variable: dp C:\wamp\www\myBlog\myBlogApplication\Runtime\Cache\MyBlogAdmin\2176a29aae8abec5c7b7be5f874fabcc.php 第 32 行.
INFO: Run Behavior\ParseTemplateBehavior [ RunTime:0.052455s ]
INFO: [ view_parse ] --END-- [ RunTime:0.052907s ]
INFO: [ view_filter ] --START--
INFO: Run Behavior\WriteHtmlCacheBehavior [ RunTime:0.001646s ]
INFO: [ view_filter ] --END-- [ RunTime:0.002044s ]
INFO: [ app_end ] --START--
INFO: Run Behavior\ShowPageTraceBehavior [ RunTime:0.002741s ]
INFO: [ app_end ] --END-- [ RunTime:0.003162s ]

[ 2016-03-31T23:22:15+08:00 ] 127.0.0.1 /myBlog/admin.php/Article/articleList
INFO: [ app_init ] --START--
INFO: Run Behavior\BuildLiteBehavior [ RunTime:0.000111s ]
INFO: [ app_init ] --END-- [ RunTime:0.002951s ]
INFO: [ app_begin ] --START--
INFO: Run Behavior\ReadHtmlCacheBehavior [ RunTime:0.023567s ]
INFO: [ app_begin ] --END-- [ RunTime:0.024062s ]
SQL: SHOW COLUMNS FROM `bg_article` [ RunTime:0.0136s ]
SQL: SELECT * FROM `bg_article`  [ RunTime:0.0013s ]
SQL: SELECT COUNT(*) AS tp_count FROM `bg_article` LIMIT 1   [ RunTime:0.0009s ]
INFO: [ view_parse ] --START--
INFO: [ template_filter ] --START--
INFO: Run Behavior\ContentReplaceBehavior [ RunTime:0.000513s ]
INFO: [ template_filter ] --END-- [ RunTime:0.000951s ]
NOTIC: [8] Undefined variable: D C:\wamp\www\myBlog\myBlogApplication\Runtime\Cache\MyBlogAdmin\2176a29aae8abec5c7b7be5f874fabcc.php 第 32 行.
NOTIC: [8] Undefined variable: dp C:\wamp\www\myBlog\myBlogApplication\Runtime\Cache\MyBlogAdmin\2176a29aae8abec5c7b7be5f874fabcc.php 第 32 行.
INFO: Run Behavior\ParseTemplateBehavior [ RunTime:0.055929s ]
INFO: [ view_parse ] --END-- [ RunTime:0.056380s ]
INFO: [ view_filter ] --START--
INFO: Run Behavior\WriteHtmlCacheBehavior [ RunTime:0.002283s ]
INFO: [ view_filter ] --END-- [ RunTime:0.002722s ]
INFO: [ app_end ] --START--
INFO: Run Behavior\ShowPageTraceBehavior [ RunTime:0.004077s ]
INFO: [ app_end ] --END-- [ RunTime:0.004579s ]

[ 2016-03-31T23:23:24+08:00 ] 127.0.0.1 /myBlog/admin.php/
INFO: [ app_init ] --START--
INFO: Run Behavior\BuildLiteBehavior [ RunTime:0.000121s ]
INFO: [ app_init ] --END-- [ RunTime:0.002497s ]
INFO: [ app_begin ] --START--
INFO: Run Behavior\ReadHtmlCacheBehavior [ RunTime:0.003171s ]
INFO: [ app_begin ] --END-- [ RunTime:0.003665s ]
INFO: [ view_parse ] --START--
INFO: [ template_filter ] --START--
INFO: Run Behavior\ContentReplaceBehavior [ RunTime:0.000688s ]
INFO: [ template_filter ] --END-- [ RunTime:0.001180s ]
INFO: Run Behavior\ParseTemplateBehavior [ RunTime:0.055506s ]
INFO: [ view_parse ] --END-- [ RunTime:0.055998s ]
INFO: [ view_filter ] --START--
INFO: Run Behavior\WriteHtmlCacheBehavior [ RunTime:0.002704s ]
INFO: [ view_filter ] --END-- [ RunTime:0.003159s ]
INFO: [ app_end ] --START--
INFO: Run Behavior\ShowPageTraceBehavior [ RunTime:0.003181s ]
INFO: [ app_end ] --END-- [ RunTime:0.003622s ]

[ 2016-03-31T23:23:24+08:00 ] 127.0.0.1 /myBlog/admin.php/welcome.html
INFO: [ app_init ] --START--
INFO: Run Behavior\BuildLiteBehavior [ RunTime:0.000109s ]
INFO: [ app_init ] --END-- [ RunTime:0.002676s ]
INFO: [ app_begin ] --START--
INFO: Run Behavior\ReadHtmlCacheBehavior [ RunTime:0.003495s ]
INFO: [ app_begin ] --END-- [ RunTime:0.003984s ]
ERR: 无法加载控制器:Welcome

[ 2016-03-31T23:23:30+08:00 ] 127.0.0.1 /myBlog/admin.php/Article/articleList
INFO: [ app_init ] --START--
INFO: Run Behavior\BuildLiteBehavior [ RunTime:0.000111s ]
INFO: [ app_init ] --END-- [ RunTime:0.007454s ]
INFO: [ app_begin ] --START--
INFO: Run Behavior\ReadHtmlCacheBehavior [ RunTime:0.003036s ]
INFO: [ app_begin ] --END-- [ RunTime:0.003521s ]
SQL: SHOW COLUMNS FROM `bg_article` [ RunTime:0.0345s ]
SQL: SELECT * FROM `bg_article`  [ RunTime:0.0017s ]
SQL: SELECT COUNT(*) AS tp_count FROM `bg_article` LIMIT 1   [ RunTime:0.0010s ]
INFO: [ view_parse ] --START--
INFO: [ template_filter ] --START--
INFO: Run Behavior\ContentReplaceBehavior [ RunTime:0.000526s ]
INFO: [ template_filter ] --END-- [ RunTime:0.000956s ]
NOTIC: [8] Undefined variable: D C:\wamp\www\myBlog\myBlogApplication\Runtime\Cache\MyBlogAdmin\2176a29aae8abec5c7b7be5f874fabcc.php 第 32 行.
NOTIC: [8] Undefined variable: dp C:\wamp\www\myBlog\myBlogApplication\Runtime\Cache\MyBlogAdmin\2176a29aae8abec5c7b7be5f874fabcc.php 第 32 行.
INFO: Run Behavior\ParseTemplateBehavior [ RunTime:0.085054s ]
INFO: [ view_parse ] --END-- [ RunTime:0.085529s ]
INFO: [ view_filter ] --START--
INFO: Run Behavior\WriteHtmlCacheBehavior [ RunTime:0.014454s ]
INFO: [ view_filter ] --END-- [ RunTime:0.015100s ]
INFO: [ app_end ] --START--
INFO: Run Behavior\ShowPageTraceBehavior [ RunTime:0.004259s ]
INFO: [ app_end ] --END-- [ RunTime:0.004717s ]

[ 2016-03-31T23:30:09+08:00 ] 127.0.0.1 /myBlog/admin.php/Article/articleList
INFO: [ app_init ] --START--
INFO: Run Behavior\BuildLiteBehavior [ RunTime:0.000109s ]
INFO: [ app_init ] --END-- [ RunTime:0.002748s ]
INFO: [ app_begin ] --START--
INFO: Run Behavior\ReadHtmlCacheBehavior [ RunTime:0.004393s ]
INFO: [ app_begin ] --END-- [ RunTime:0.004896s ]
SQL: SHOW COLUMNS FROM `bg_article` [ RunTime:0.0192s ]
SQL: SELECT * FROM `bg_article`  [ RunTime:0.0015s ]
SQL: SELECT COUNT(*) AS tp_count FROM `bg_article` LIMIT 1   [ RunTime:0.0011s ]
INFO: [ view_parse ] --START--
INFO: [ template_filter ] --START--
INFO: Run Behavior\ContentReplaceBehavior [ RunTime:0.000507s ]
INFO: [ template_filter ] --END-- [ RunTime:0.000930s ]
NOTIC: [8] Undefined variable: D C:\wamp\www\myBlog\myBlogApplication\Runtime\Cache\MyBlogAdmin\2176a29aae8abec5c7b7be5f874fabcc.php 第 32 行.
NOTIC: [8] Undefined variable: dp C:\wamp\www\myBlog\myBlogApplication\Runtime\Cache\MyBlogAdmin\2176a29aae8abec5c7b7be5f874fabcc.php 第 32 行.
INFO: Run Behavior\ParseTemplateBehavior [ RunTime:0.054849s ]
INFO: [ view_parse ] --END-- [ RunTime:0.055312s ]
INFO: [ view_filter ] --START--
INFO: Run Behavior\WriteHtmlCacheBehavior [ RunTime:0.003448s ]
INFO: [ view_filter ] --END-- [ RunTime:0.003911s ]
INFO: [ app_end ] --START--
INFO: Run Behavior\ShowPageTraceBehavior [ RunTime:0.009194s ]
INFO: [ app_end ] --END-- [ RunTime:0.009671s ]

[ 2016-03-31T23:30:21+08:00 ] 127.0.0.1 /myBlog/admin.php/Article/articleList
INFO: [ app_init ] --START--
INFO: Run Behavior\BuildLiteBehavior [ RunTime:0.000108s ]
INFO: [ app_init ] --END-- [ RunTime:0.002394s ]
INFO: [ app_begin ] --START--
INFO: Run Behavior\ReadHtmlCacheBehavior [ RunTime:0.003279s ]
INFO: [ app_begin ] --END-- [ RunTime:0.003796s ]
SQL: SHOW COLUMNS FROM `bg_article` [ RunTime:0.0738s ]
SQL: SELECT * FROM `bg_article`  [ RunTime:0.0017s ]
SQL: SELECT COUNT(*) AS tp_count FROM `bg_article` LIMIT 1   [ RunTime:0.0013s ]
INFO: [ view_parse ] --START--
INFO: [ template_filter ] --START--
INFO: Run Behavior\ContentReplaceBehavior [ RunTime:0.000505s ]
INFO: [ template_filter ] --END-- [ RunTime:0.000922s ]
NOTIC: [8] Undefined variable: D C:\wamp\www\myBlog\myBlogApplication\Runtime\Cache\MyBlogAdmin\2176a29aae8abec5c7b7be5f874fabcc.php 第 32 行.
NOTIC: [8] Undefined variable: dp C:\wamp\www\myBlog\myBlogApplication\Runtime\Cache\MyBlogAdmin\2176a29aae8abec5c7b7be5f874fabcc.php 第 32 行.
INFO: Run Behavior\ParseTemplateBehavior [ RunTime:0.080824s ]
INFO: [ view_parse ] --END-- [ RunTime:0.081270s ]
INFO: [ view_filter ] --START--
INFO: Run Behavior\WriteHtmlCacheBehavior [ RunTime:0.002372s ]
INFO: [ view_filter ] --END-- [ RunTime:0.002799s ]
INFO: [ app_end ] --START--
INFO: Run Behavior\ShowPageTraceBehavior [ RunTime:0.003466s ]
INFO: [ app_end ] --END-- [ RunTime:0.003997s ]

[ 2016-03-31T23:31:33+08:00 ] 127.0.0.1 /myBlog/admin.php/Article/articleList
INFO: [ app_init ] --START--
INFO: Run Behavior\BuildLiteBehavior [ RunTime:0.000112s ]
INFO: [ app_init ] --END-- [ RunTime:0.002503s ]
INFO: [ app_begin ] --START--
INFO: Run Behavior\ReadHtmlCacheBehavior [ RunTime:0.003101s ]
INFO: [ app_begin ] --END-- [ RunTime:0.003598s ]
SQL: SHOW COLUMNS FROM `bg_article` [ RunTime:0.0215s ]
SQL: SELECT * FROM `bg_article`  [ RunTime:0.0017s ]
SQL: SELECT COUNT(*) AS tp_count FROM `bg_article` LIMIT 1   [ RunTime:0.0015s ]
INFO: [ view_parse ] --START--
INFO: [ template_filter ] --START--
INFO: Run Behavior\ContentReplaceBehavior [ RunTime:0.000504s ]
INFO: [ template_filter ] --END-- [ RunTime:0.000926s ]
NOTIC: [8] Undefined variable: D C:\wamp\www\myBlog\myBlogApplication\Runtime\Cache\MyBlogAdmin\2176a29aae8abec5c7b7be5f874fabcc.php 第 32 行.
NOTIC: [8] Undefined variable: dp C:\wamp\www\myBlog\myBlogApplication\Runtime\Cache\MyBlogAdmin\2176a29aae8abec5c7b7be5f874fabcc.php 第 32 行.
INFO: Run Behavior\ParseTemplateBehavior [ RunTime:0.049682s ]
INFO: [ view_parse ] --END-- [ RunTime:0.050130s ]
INFO: [ view_filter ] --START--
INFO: Run Behavior\WriteHtmlCacheBehavior [ RunTime:0.002247s ]
INFO: [ view_filter ] --END-- [ RunTime:0.002826s ]
INFO: [ app_end ] --START--
INFO: Run Behavior\ShowPageTraceBehavior [ RunTime:0.003474s ]
INFO: [ app_end ] --END-- [ RunTime:0.003905s ]

[ 2016-03-31T23:32:01+08:00 ] 127.0.0.1 /myBlog/admin.php/Article/articleList
INFO: [ app_init ] --START--
INFO: Run Behavior\BuildLiteBehavior [ RunTime:0.000112s ]
INFO: [ app_init ] --END-- [ RunTime:0.002391s ]
INFO: [ app_begin ] --START--
INFO: Run Behavior\ReadHtmlCacheBehavior [ RunTime:0.008920s ]
INFO: [ app_begin ] --END-- [ RunTime:0.009454s ]
SQL: SHOW COLUMNS FROM `bg_article` [ RunTime:0.0146s ]
SQL: SELECT * FROM `bg_article`  [ RunTime:0.0014s ]
SQL: SELECT COUNT(*) AS tp_count FROM `bg_article` LIMIT 1   [ RunTime:0.0009s ]
INFO: [ view_parse ] --START--
INFO: [ template_filter ] --START--
INFO: Run Behavior\ContentReplaceBehavior [ RunTime:0.000595s ]
INFO: [ template_filter ] --END-- [ RunTime:0.001060s ]
NOTIC: [8] Undefined variable: D C:\wamp\www\myBlog\myBlogApplication\Runtime\Cache\MyBlogAdmin\2176a29aae8abec5c7b7be5f874fabcc.php 第 32 行.
NOTIC: [8] Undefined variable: dp C:\wamp\www\myBlog\myBlogApplication\Runtime\Cache\MyBlogAdmin\2176a29aae8abec5c7b7be5f874fabcc.php 第 32 行.
INFO: Run Behavior\ParseTemplateBehavior [ RunTime:0.052593s ]
INFO: [ view_parse ] --END-- [ RunTime:0.053048s ]
INFO: [ view_filter ] --START--
INFO: Run Behavior\WriteHtmlCacheBehavior [ RunTime:0.002780s ]
INFO: [ view_filter ] --END-- [ RunTime:0.003323s ]
INFO: [ app_end ] --START--
INFO: Run Behavior\ShowPageTraceBehavior [ RunTime:0.003692s ]
INFO: [ app_end ] --END-- [ RunTime:0.004143s ]

[ 2016-03-31T23:34:16+08:00 ] 127.0.0.1 /myBlog/admin.php/Article/articleList
INFO: [ app_init ] --START--
INFO: Run Behavior\BuildLiteBehavior [ RunTime:0.000109s ]
INFO: [ app_init ] --END-- [ RunTime:0.006982s ]
INFO: [ app_begin ] --START--
INFO: Run Behavior\ReadHtmlCacheBehavior [ RunTime:0.008256s ]
INFO: [ app_begin ] --END-- [ RunTime:0.008791s ]
SQL: SHOW COLUMNS FROM `bg_article` [ RunTime:0.0188s ]
SQL: SELECT * FROM `bg_article`  [ RunTime:0.0017s ]
SQL: SELECT COUNT(*) AS tp_count FROM `bg_article` LIMIT 1   [ RunTime:0.0010s ]
INFO: [ view_parse ] --START--
INFO: [ template_filter ] --START--
INFO: Run Behavior\ContentReplaceBehavior [ RunTime:0.000519s ]
INFO: [ template_filter ] --END-- [ RunTime:0.000968s ]
NOTIC: [8] Undefined variable: D C:\wamp\www\myBlog\myBlogApplication\Runtime\Cache\MyBlogAdmin\2176a29aae8abec5c7b7be5f874fabcc.php 第 32 行.
NOTIC: [8] Undefined variable: dp C:\wamp\www\myBlog\myBlogApplication\Runtime\Cache\MyBlogAdmin\2176a29aae8abec5c7b7be5f874fabcc.php 第 32 行.
INFO: Run Behavior\ParseTemplateBehavior [ RunTime:0.060173s ]
INFO: [ view_parse ] --END-- [ RunTime:0.060658s ]
INFO: [ view_filter ] --START--
INFO: Run Behavior\WriteHtmlCacheBehavior [ RunTime:0.002613s ]
INFO: [ view_filter ] --END-- [ RunTime:0.003057s ]
INFO: [ app_end ] --START--
INFO: Run Behavior\ShowPageTraceBehavior [ RunTime:0.003594s ]
INFO: [ app_end ] --END-- [ RunTime:0.004029s ]

[ 2016-03-31T23:49:12+08:00 ] 127.0.0.1 /myBlog/admin.php/Article/articleList
INFO: [ app_init ] --START--
INFO: Run Behavior\BuildLiteBehavior [ RunTime:0.000109s ]
INFO: [ app_init ] --END-- [ RunTime:0.002662s ]
INFO: [ app_begin ] --START--
INFO: Run Behavior\ReadHtmlCacheBehavior [ RunTime:0.003966s ]
INFO: [ app_begin ] --END-- [ RunTime:0.004467s ]
SQL: SHOW COLUMNS FROM `bg_article` [ RunTime:0.0139s ]
SQL: SELECT * FROM `bg_article`  [ RunTime:0.0014s ]
SQL: SELECT COUNT(*) AS tp_count FROM `bg_article` LIMIT 1   [ RunTime:0.0010s ]
INFO: [ view_parse ] --START--
INFO: [ template_filter ] --START--
INFO: Run Behavior\ContentReplaceBehavior [ RunTime:0.000537s ]
INFO: [ template_filter ] --END-- [ RunTime:0.000989s ]
NOTIC: [8] Undefined variable: D C:\wamp\www\myBlog\myBlogApplication\Runtime\Cache\MyBlogAdmin\2176a29aae8abec5c7b7be5f874fabcc.php 第 32 行.
NOTIC: [8] Undefined variable: dp C:\wamp\www\myBlog\myBlogApplication\Runtime\Cache\MyBlogAdmin\2176a29aae8abec5c7b7be5f874fabcc.php 第 32 行.
INFO: Run Behavior\ParseTemplateBehavior [ RunTime:0.067264s ]
INFO: [ view_parse ] --END-- [ RunTime:0.067741s ]
INFO: [ view_filter ] --START--
INFO: Run Behavior\WriteHtmlCacheBehavior [ RunTime:0.002583s ]
INFO: [ view_filter ] --END-- [ RunTime:0.003019s ]
INFO: [ app_end ] --START--
INFO: Run Behavior\ShowPageTraceBehavior [ RunTime:0.004687s ]
INFO: [ app_end ] --END-- [ RunTime:0.005273s ]

